The C compiler identification could not be found in "C:/Users/ben/Documents/periodic/build-windows/CMakeFiles/3.22.0-rc3/CompilerIdC/CompilerIdC.exe"

The C compiler identification could not be found in "C:/Users/ben/Documents/periodic/build-windows/CMakeFiles/3.22.0-rc3/CompilerIdC/CompilerIdC.vcxproj"

The C compiler identification could not be found in "C:/Users/ben/Documents/periodic/build-windows/CMakeFiles/3.22.0-rc3/CompilerIdC/CompilerIdC.exe"

The C compiler identification could not be found in "C:/Users/ben/Documents/periodic/build-windows/CMakeFiles/3.22.0-rc3/CompilerIdC/CompilerIdC.vcxproj"

Checking whether the C compiler is IAR using "" did not match "IAR .+ Compiler":
Microsoft (R) C/C++ Optimizing Compiler Version 19.30.30705 for x64
Copyright (C) Microsoft Corporation.  All rights reserved.

usage: cl [ option... ] filename... [ /link linkoption... ]
Checking whether the C compiler is IAR using "" did not match "IAR .+ Compiler":
Microsoft (R) C/C++ Optimizing Compiler Version 19.30.30705 for x64
Copyright (C) Microsoft Corporation.  All rights reserved.

usage: cl [ option... ] filename... [ /link linkoption... ]
The CXX compiler identification could not be found in "C:/Users/ben/Documents/periodic/build-windows/CMakeFiles/3.22.0-rc3/CompilerIdCXX/CompilerIdCXX.exe"

The CXX compiler identification could not be found in "C:/Users/ben/Documents/periodic/build-windows/CMakeFiles/3.22.0-rc3/CompilerIdCXX/CompilerIdCXX.vcxproj"

The CXX compiler identification could not be found in "C:/Users/ben/Documents/periodic/build-windows/CMakeFiles/3.22.0-rc3/CompilerIdCXX/CompilerIdCXX.exe"

The CXX compiler identification could not be found in "C:/Users/ben/Documents/periodic/build-windows/CMakeFiles/3.22.0-rc3/CompilerIdCXX/CompilerIdCXX.vcxproj"

Checking whether the CXX compiler is IAR using "" did not match "IAR .+ Compiler":
Microsoft (R) C/C++ Optimizing Compiler Version 19.30.30705 for x64
Copyright (C) Microsoft Corporation.  All rights reserved.

cl : Command line error D8003 : missing source filename
Checking whether the CXX compiler is IAR using "" did not match "IAR .+ Compiler":
Microsoft (R) C/C++ Optimizing Compiler Version 19.30.30705 for x64
Copyright (C) Microsoft Corporation.  All rights reserved.

usage: cl [ option... ] filename... [ /link linkoption... ]
The C compiler identification could not be found in "C:/Users/ben/Documents/periodic/build-windows/CMakeFiles/3.22.0-rc3/CompilerIdC/CompilerIdC.exe"

The C compiler identification could not be found in "C:/Users/ben/Documents/periodic/build-windows/CMakeFiles/3.22.0-rc3/CompilerIdC/CompilerIdC.vcxproj"

The C compiler identification could not be found in "C:/Users/ben/Documents/periodic/build-windows/CMakeFiles/3.22.0-rc3/CompilerIdC/CompilerIdC.exe"

The C compiler identification could not be found in "C:/Users/ben/Documents/periodic/build-windows/CMakeFiles/3.22.0-rc3/CompilerIdC/CompilerIdC.vcxproj"

Checking whether the C compiler is IAR using "" did not match "IAR .+ Compiler":
Microsoft (R) C/C++ Optimizing Compiler Version 19.30.30705 for x64
Copyright (C) Microsoft Corporation.  All rights reserved.

usage: cl [ option... ] filename... [ /link linkoption... ]
Checking whether the C compiler is IAR using "" did not match "IAR .+ Compiler":
Microsoft (R) C/C++ Optimizing Compiler Version 19.30.30705 for x64
Copyright (C) Microsoft Corporation.  All rights reserved.

usage: cl [ option... ] filename... [ /link linkoption... ]
The CXX compiler identification could not be found in "C:/Users/ben/Documents/periodic/build-windows/CMakeFiles/3.22.0-rc3/CompilerIdCXX/CompilerIdCXX.exe"

The CXX compiler identification could not be found in "C:/Users/ben/Documents/periodic/build-windows/CMakeFiles/3.22.0-rc3/CompilerIdCXX/CompilerIdCXX.vcxproj"

The CXX compiler identification could not be found in "C:/Users/ben/Documents/periodic/build-windows/CMakeFiles/3.22.0-rc3/CompilerIdCXX/CompilerIdCXX.exe"

The CXX compiler identification could not be found in "C:/Users/ben/Documents/periodic/build-windows/CMakeFiles/3.22.0-rc3/CompilerIdCXX/CompilerIdCXX.vcxproj"

Checking whether the CXX compiler is IAR using "" did not match "IAR .+ Compiler":
Microsoft (R) C/C++ Optimizing Compiler Version 19.30.30705 for x64
Copyright (C) Microsoft Corporation.  All rights reserved.

cl : Command line error D8003 : missing source filename
Checking whether the CXX compiler is IAR using "" did not match "IAR .+ Compiler":
Microsoft (R) C/C++ Optimizing Compiler Version 19.30.30705 for x64
Copyright (C) Microsoft Corporation.  All rights reserved.

usage: cl [ option... ] filename... [ /link linkoption... ]
